;  LST file generated by mikroListExporter - v.2.0 
; Date/Time: 10/09/2018 02:39:23 p. m.
;----------------------------------------------

;Address Opcode 	ASM
0x0000	0x291D      	GOTO       285
_interrupt:
;Temporizador_Monedero.c,20 :: 		void interrupt() iv 0x0004 ics ICS_AUTO //interrupts
0x0004	0x087C      	MOVF       R12, 0
0x0005	0x0020      	MOVLB      0
0x0006	0x00A1      	MOVWF      33
0x0007	0x087D      	MOVF       R13, 0
0x0008	0x00A0      	MOVWF      32
;Temporizador_Monedero.c,22 :: 		if (INTCON.f1 == 1) //interrupt on change on RA4 triggered
0x0009	0x3180      	MOVLP      0
0x000A	0x1C8B      	BTFSS      INTCON, 1
0x000B	0x2827      	GOTO       L_interrupt0
;Temporizador_Monedero.c,24 :: 		INTCON.f7 = 0; //stop interrupts
0x000C	0x138B      	BCF        INTCON, 7
;Temporizador_Monedero.c,25 :: 		delay_ms(10);
0x000D	0x3068      	MOVLW      104
0x000E	0x00FC      	MOVWF      R12
0x000F	0x30E4      	MOVLW      228
0x0010	0x00FD      	MOVWF      R13
L_interrupt1:
0x0011	0x0BFD      	DECFSZ     R13, 1
0x0012	0x2811      	GOTO       L_interrupt1
0x0013	0x0BFC      	DECFSZ     R12, 1
0x0014	0x2811      	GOTO       L_interrupt1
0x0015	0x0000      	NOP
;Temporizador_Monedero.c,26 :: 		if (COIN == 0)
0x0016	0x190C      	BTFSC      PORTA, 2
0x0017	0x2825      	GOTO       L_interrupt2
;Temporizador_Monedero.c,28 :: 		LED = 1;
0x0018	0x140C      	BSF        PORTA, 0
;Temporizador_Monedero.c,29 :: 		delay_ms(5);
0x0019	0x3034      	MOVLW      52
0x001A	0x00FC      	MOVWF      R12
0x001B	0x30F1      	MOVLW      241
0x001C	0x00FD      	MOVWF      R13
L_interrupt3:
0x001D	0x0BFD      	DECFSZ     R13, 1
0x001E	0x281D      	GOTO       L_interrupt3
0x001F	0x0BFC      	DECFSZ     R12, 1
0x0020	0x281D      	GOTO       L_interrupt3
0x0021	0x0000      	NOP
0x0022	0x0000      	NOP
;Temporizador_Monedero.c,30 :: 		LED = 0;
0x0023	0x100C      	BCF        PORTA, 0
;Temporizador_Monedero.c,31 :: 		coins++;
0x0024	0x0AA4      	INCF       _coins, 1
;Temporizador_Monedero.c,32 :: 		}
L_interrupt2:
;Temporizador_Monedero.c,33 :: 		INTCON.f1 = 0; //clear interrupt flags
0x0025	0x108B      	BCF        INTCON, 1
;Temporizador_Monedero.c,34 :: 		INTCON.f7 = 1; //run interrupts
0x0026	0x178B      	BSF        INTCON, 7
;Temporizador_Monedero.c,35 :: 		}
L_interrupt0:
;Temporizador_Monedero.c,36 :: 		}
L_end_interrupt:
L__interrupt75:
0x0027	0x0821      	MOVF       33, 0
0x0028	0x00FC      	MOVWF      R12
0x0029	0x0820      	MOVF       32, 0
0x002A	0x00FD      	MOVWF      R13
0x002B	0x0009      	RETFIE     %s
; end of _interrupt
_Mul_32x32_U:
;__Lib_Math.c,1765 :: 		
;__Lib_Math.c,1780 :: 		
0x002C	0x0020      	MOVLB      0
;__Lib_Math.c,1781 :: 		
0x002D	0x3022      	MOVLW      34
;__Lib_Math.c,1782 :: 		
0x002E	0x00FC      	MOVWF      R12
;__Lib_Math.c,1783 :: 		
0x002F	0x01F8      	CLRF       R8
;__Lib_Math.c,1784 :: 		
0x0030	0x01F9      	CLRF       R9
;__Lib_Math.c,1785 :: 		
0x0031	0x01FA      	CLRF       R10
;__Lib_Math.c,1786 :: 		
0x0032	0x01FB      	CLRF       R11
;__Lib_Math.c,1788 :: 		
_NEXT:
;__Lib_Math.c,1792 :: 		
0x0033	0x03FC      	DECF       R12, 1
;__Lib_Math.c,1793 :: 		
0x0034	0x1903      	BTFSC      STATUS, 2
;__Lib_Math.c,1794 :: 		
0x0035	0x2861      	GOTO       _EXIT2
;__Lib_Math.c,1795 :: 		
0x0036	0x1003      	BCF        STATUS, 0
;__Lib_Math.c,1797 :: 		
_LOOP:
;__Lib_Math.c,1806 :: 		
0x0037	0x0CFB      	RRF        R11, 1
;__Lib_Math.c,1807 :: 		
0x0038	0x0CFA      	RRF        R10, 1
;__Lib_Math.c,1808 :: 		
0x0039	0x0CF9      	RRF        R9, 1
;__Lib_Math.c,1809 :: 		
0x003A	0x0CF8      	RRF        R8, 1
;__Lib_Math.c,1810 :: 		
0x003B	0x0CF3      	RRF        R3, 1
;__Lib_Math.c,1811 :: 		
0x003C	0x0CF2      	RRF        R2, 1
;__Lib_Math.c,1812 :: 		
0x003D	0x0CF1      	RRF        R1, 1
;__Lib_Math.c,1813 :: 		
0x003E	0x0CF0      	RRF        R0, 1
;__Lib_Math.c,1818 :: 		
0x003F	0x1C03      	BTFSS      STATUS, 0
;__Lib_Math.c,1819 :: 		
0x0040	0x2833      	GOTO       _NEXT
;__Lib_Math.c,1820 :: 		
0x0041	0x03FC      	DECF       R12, 1
;__Lib_Math.c,1821 :: 		
0x0042	0x1903      	BTFSC      STATUS, 2
;__Lib_Math.c,1822 :: 		
0x0043	0x2853      	GOTO       _EXIT1
;__Lib_Math.c,1829 :: 		
0x0044	0x0874      	MOVF       R4, 0
;__Lib_Math.c,1830 :: 		
0x0045	0x07F8      	ADDWF      R8, 1
;__Lib_Math.c,1831 :: 		
0x0046	0x0875      	MOVF       R5, 0
;__Lib_Math.c,1832 :: 		
0x0047	0x1803      	BTFSC      STATUS, 0
;__Lib_Math.c,1833 :: 		
0x0048	0x0F75      	INCFSZ     R5, 0
;__Lib_Math.c,1834 :: 		
0x0049	0x07F9      	ADDWF      R9, 1
;__Lib_Math.c,1835 :: 		
0x004A	0x0876      	MOVF       R6, 0
;__Lib_Math.c,1836 :: 		
0x004B	0x1803      	BTFSC      STATUS, 0
;__Lib_Math.c,1837 :: 		
0x004C	0x0F76      	INCFSZ     R6, 0
;__Lib_Math.c,1838 :: 		
0x004D	0x07FA      	ADDWF      R10, 1
;__Lib_Math.c,1839 :: 		
0x004E	0x0877      	MOVF       R7, 0
;__Lib_Math.c,1840 :: 		
0x004F	0x1803      	BTFSC      STATUS, 0
;__Lib_Math.c,1841 :: 		
0x0050	0x0F77      	INCFSZ     R7, 0
;__Lib_Math.c,1842 :: 		
0x0051	0x07FB      	ADDWF      R11, 1
;__Lib_Math.c,1844 :: 		
0x0052	0x2837      	GOTO       _LOOP
;__Lib_Math.c,1846 :: 		
_EXIT1:
;__Lib_Math.c,1851 :: 		
0x0053	0x0874      	MOVF       R4, 0
;__Lib_Math.c,1852 :: 		
0x0054	0x07F8      	ADDWF      R8, 1
;__Lib_Math.c,1853 :: 		
0x0055	0x0875      	MOVF       R5, 0
;__Lib_Math.c,1854 :: 		
0x0056	0x1803      	BTFSC      STATUS, 0
;__Lib_Math.c,1855 :: 		
0x0057	0x0F75      	INCFSZ     R5, 0
;__Lib_Math.c,1856 :: 		
0x0058	0x07F9      	ADDWF      R9, 1
;__Lib_Math.c,1857 :: 		
0x0059	0x0876      	MOVF       R6, 0
;__Lib_Math.c,1858 :: 		
0x005A	0x1803      	BTFSC      STATUS, 0
;__Lib_Math.c,1859 :: 		
0x005B	0x0F76      	INCFSZ     R6, 0
;__Lib_Math.c,1860 :: 		
0x005C	0x07FA      	ADDWF      R10, 1
;__Lib_Math.c,1861 :: 		
0x005D	0x0877      	MOVF       R7, 0
;__Lib_Math.c,1862 :: 		
0x005E	0x1803      	BTFSC      STATUS, 0
;__Lib_Math.c,1863 :: 		
0x005F	0x0F77      	INCFSZ     R7, 0
;__Lib_Math.c,1864 :: 		
0x0060	0x07FB      	ADDWF      R11, 1
;__Lib_Math.c,1867 :: 		
_EXIT2:
;__Lib_Math.c,1869 :: 		
L_end_Mul_32x32_U:
0x0061	0x0008      	RETURN
; end of _Mul_32x32_U
___CC2DW:
;__Lib_System.c,71 :: 		
;__Lib_System.c,73 :: 		
_CC2DL_Loop1:
;__Lib_System.c,74 :: 		
0x0062	0x0012      	MOVIW      FSR0++ 
;__Lib_System.c,75 :: 		
0x0063	0x001E      	MOVWI      FSR1++ 
;__Lib_System.c,76 :: 		
0x0064	0x03F0      	DECF       R0, 1
;__Lib_System.c,77 :: 		
0x0065	0x1D03      	BTFSS      STATUS, 2
;__Lib_System.c,78 :: 		
0x0066	0x2862      	GOTO       _CC2DL_Loop1
;__Lib_System.c,79 :: 		
0x0067	0x03F1      	DECF       R1, 1
;__Lib_System.c,80 :: 		
0x0068	0x1D03      	BTFSS      STATUS, 2
;__Lib_System.c,81 :: 		
0x0069	0x2862      	GOTO       _CC2DL_Loop1
;__Lib_System.c,83 :: 		
L_end___CC2DW:
0x006A	0x0008      	RETURN
; end of ___CC2DW
_EEPROM_Read:
;__Lib_EEPROM.c,1 :: 		
;__Lib_EEPROM.c,2 :: 		
0x006B	0x0020      	MOVLB      0
0x006C	0x0825      	MOVF       FARG_EEPROM_Read_Address, 0
0x006D	0x0023      	MOVLB      3
0x006E	0x0091      	MOVWF      EEADR
0x006F	0x0192      	CLRF       EEADR+1
;__Lib_EEPROM.c,3 :: 		
0x0070	0x1395      	BCF        EEPGD_bit, BitPos(EEPGD_bit+0)
;__Lib_EEPROM.c,4 :: 		
0x0071	0x1315      	BCF        CFGS_bit, BitPos(CFGS_bit+0)
;__Lib_EEPROM.c,5 :: 		
0x0072	0x1415      	BSF        RD_bit, BitPos(RD_bit+0)
;__Lib_EEPROM.c,6 :: 		
0x0073	0x0813      	MOVF       EEDAT, 0
0x0074	0x00F0      	MOVWF      R0
;__Lib_EEPROM.c,7 :: 		
L_end_EEPROM_Read:
0x0075	0x0008      	RETURN
; end of _EEPROM_Read
_EEPROM_Write:
;__Lib_EEPROM.c,9 :: 		
;__Lib_EEPROM.c,12 :: 		
0x0076	0x0020      	MOVLB      0
0x0077	0x0825      	MOVF       FARG_EEPROM_Write_Address, 0
0x0078	0x0023      	MOVLB      3
0x0079	0x0091      	MOVWF      EEADR
0x007A	0x0192      	CLRF       EEADR+1
;__Lib_EEPROM.c,13 :: 		
0x007B	0x0020      	MOVLB      0
0x007C	0x0826      	MOVF       FARG_EEPROM_Write_data_, 0
0x007D	0x0023      	MOVLB      3
0x007E	0x0093      	MOVWF      EEDATL
;__Lib_EEPROM.c,14 :: 		
0x007F	0x1315      	BCF        CFGS_bit, BitPos(CFGS_bit+0)
;__Lib_EEPROM.c,15 :: 		
0x0080	0x1395      	BCF        EEPGD_bit, BitPos(EEPGD_bit+0)
;__Lib_EEPROM.c,16 :: 		
0x0081	0x1515      	BSF        WREN_bit, BitPos(WREN_bit+0)
;__Lib_EEPROM.c,18 :: 		
0x0082	0x080B      	MOVF       INTCON, 0
0x0083	0x00F0      	MOVWF      R0
;__Lib_EEPROM.c,19 :: 		
0x0084	0x138B      	BCF        GIE_bit, BitPos(GIE_bit+0)
;__Lib_EEPROM.c,20 :: 		
0x0085	0x3055      	MOVLW      85
0x0086	0x0096      	MOVWF      EECON2
;__Lib_EEPROM.c,21 :: 		
0x0087	0x30AA      	MOVLW      170
0x0088	0x0096      	MOVWF      EECON2
;__Lib_EEPROM.c,22 :: 		
0x0089	0x1495      	BSF        WR_bit, BitPos(WR_bit+0)
;__Lib_EEPROM.c,23 :: 		
0x008A	0x1BF0      	BTFSC      R0, 7
0x008B	0x288E      	GOTO       L__EEPROM_Write4
0x008C	0x138B      	BCF        INTCON, 7
0x008D	0x288F      	GOTO       L__EEPROM_Write5
L__EEPROM_Write4:
0x008E	0x178B      	BSF        INTCON, 7
L__EEPROM_Write5:
;__Lib_EEPROM.c,24 :: 		
0x008F	0x1115      	BCF        WREN_bit, BitPos(WREN_bit+0)
;__Lib_EEPROM.c,25 :: 		
L_EEPROM_Write0:
0x0090	0x1C95      	BTFSS      WR_bit, BitPos(WR_bit+0)
0x0091	0x2893      	GOTO       L_EEPROM_Write1
;__Lib_EEPROM.c,26 :: 		
0x0092	0x2890      	GOTO       L_EEPROM_Write0
L_EEPROM_Write1:
;__Lib_EEPROM.c,28 :: 		
L_end_EEPROM_Write:
0x0093	0x0008      	RETURN
; end of _EEPROM_Write
_Mul_16X16_U:
;__Lib_Math.c,136 :: 		
;__Lib_Math.c,143 :: 		
0x0094	0x0020      	MOVLB      0
;__Lib_Math.c,144 :: 		
0x0095	0x01FB      	CLRF       R11
;__Lib_Math.c,145 :: 		
0x0096	0x01FA      	CLRF       R10
;__Lib_Math.c,146 :: 		
0x0097	0x01F9      	CLRF       R9
;__Lib_Math.c,147 :: 		
0x0098	0x3080      	MOVLW      128
;__Lib_Math.c,148 :: 		
0x0099	0x00F8      	MOVWF      R8
;__Lib_Math.c,149 :: 		
0x009A	0x0CF1      	RRF        R1, 1
;__Lib_Math.c,150 :: 		
0x009B	0x0CF0      	RRF        R0, 1
;__Lib_Math.c,151 :: 		
0x009C	0x1C03      	BTFSS      STATUS, 0
;__Lib_Math.c,152 :: 		
0x009D	0x28A7      	GOTO       $+10
;__Lib_Math.c,153 :: 		
0x009E	0x0874      	MOVF       R4, 0
;__Lib_Math.c,154 :: 		
0x009F	0x07F9      	ADDWF      R9, 1
;__Lib_Math.c,155 :: 		
0x00A0	0x0875      	MOVF       R5, 0
;__Lib_Math.c,156 :: 		
0x00A1	0x1803      	BTFSC      STATUS, 0
;__Lib_Math.c,157 :: 		
0x00A2	0x0F75      	INCFSZ     R5, 0
;__Lib_Math.c,158 :: 		
0x00A3	0x07FA      	ADDWF      R10, 1
;__Lib_Math.c,159 :: 		
0x00A4	0x1803      	BTFSC      STATUS, 0
;__Lib_Math.c,160 :: 		
0x00A5	0x0AFB      	INCF       R11, 1
;__Lib_Math.c,161 :: 		
0x00A6	0x1003      	BCF        STATUS, 0
;__Lib_Math.c,162 :: 		
0x00A7	0x1FF0      	BTFSS      R0, 7
;__Lib_Math.c,163 :: 		
0x00A8	0x28AF      	GOTO       $+7
;__Lib_Math.c,164 :: 		
0x00A9	0x0874      	MOVF       R4, 0
;__Lib_Math.c,165 :: 		
0x00AA	0x07FA      	ADDWF      R10, 1
;__Lib_Math.c,166 :: 		
0x00AB	0x0875      	MOVF       R5, 0
;__Lib_Math.c,167 :: 		
0x00AC	0x1803      	BTFSC      STATUS, 0
;__Lib_Math.c,168 :: 		
0x00AD	0x0F75      	INCFSZ     R5, 0
;__Lib_Math.c,169 :: 		
0x00AE	0x07FB      	ADDWF      R11, 1
;__Lib_Math.c,170 :: 		
0x00AF	0x0CFB      	RRF        R11, 1
;__Lib_Math.c,171 :: 		
0x00B0	0x0CFA      	RRF        R10, 1
;__Lib_Math.c,172 :: 		
0x00B1	0x0CF9      	RRF        R9, 1
;__Lib_Math.c,173 :: 		
0x00B2	0x0CF8      	RRF        R8, 1
;__Lib_Math.c,174 :: 		
0x00B3	0x1C03      	BTFSS      STATUS, 0
;__Lib_Math.c,175 :: 		
0x00B4	0x289A      	GOTO       $-26
;__Lib_Math.c,176 :: 		
0x00B5	0x087B      	MOVF       R11, 0
;__Lib_Math.c,177 :: 		
0x00B6	0x00F3      	MOVWF      R3
;__Lib_Math.c,178 :: 		
0x00B7	0x087A      	MOVF       R10, 0
;__Lib_Math.c,179 :: 		
0x00B8	0x00F2      	MOVWF      R2
;__Lib_Math.c,180 :: 		
0x00B9	0x0879      	MOVF       R9, 0
;__Lib_Math.c,181 :: 		
0x00BA	0x00F1      	MOVWF      R1
;__Lib_Math.c,182 :: 		
0x00BB	0x0878      	MOVF       R8, 0
;__Lib_Math.c,183 :: 		
0x00BC	0x00F0      	MOVWF      R0
;__Lib_Math.c,186 :: 		
L_end_Mul_16X16_U:
0x00BD	0x0008      	RETURN
; end of _Mul_16X16_U
_VDelay_ms:
;__Lib_Delays.c,82 :: 		void VDelay_ms(unsigned Time_ms){
;__Lib_Delays.c,84 :: 		NumberOfCyc = Clock_kHz()>>2; // this will be done by compiler, no asm will be genereated except that for assignment;
0x00BE	0x3040      	MOVLW      64
0x00BF	0x0020      	MOVLB      0
0x00C0	0x00A7      	MOVWF      VDelay_ms_NumberOfCyc_L0
0x00C1	0x301F      	MOVLW      31
0x00C2	0x00A8      	MOVWF      VDelay_ms_NumberOfCyc_L0+1
0x00C3	0x01A9      	CLRF       VDelay_ms_NumberOfCyc_L0+2
0x00C4	0x01AA      	CLRF       VDelay_ms_NumberOfCyc_L0+3
;__Lib_Delays.c,85 :: 		NumberOfCyc *= Time_ms;
0x00C5	0x3040      	MOVLW      64
0x00C6	0x00F0      	MOVWF      R0
0x00C7	0x301F      	MOVLW      31
0x00C8	0x00F1      	MOVWF      R1
0x00C9	0x3000      	MOVLW      0
0x00CA	0x00F2      	MOVWF      R2
0x00CB	0x3000      	MOVLW      0
0x00CC	0x00F3      	MOVWF      R3
0x00CD	0x0825      	MOVF       FARG_VDelay_ms_Time_ms, 0
0x00CE	0x00F4      	MOVWF      R4
0x00CF	0x0826      	MOVF       FARG_VDelay_ms_Time_ms+1, 0
0x00D0	0x00F5      	MOVWF      R5
0x00D1	0x01F6      	CLRF       R6
0x00D2	0x01F7      	CLRF       R7
0x00D3	0x202C      	CALL       _Mul_32x32_U
0x00D4	0x0870      	MOVF       R0, 0
0x00D5	0x00A7      	MOVWF      VDelay_ms_NumberOfCyc_L0
0x00D6	0x0871      	MOVF       R1, 0
0x00D7	0x00A8      	MOVWF      VDelay_ms_NumberOfCyc_L0+1
0x00D8	0x0872      	MOVF       R2, 0
0x00D9	0x00A9      	MOVWF      VDelay_ms_NumberOfCyc_L0+2
0x00DA	0x0873      	MOVF       R3, 0
0x00DB	0x00AA      	MOVWF      VDelay_ms_NumberOfCyc_L0+3
;__Lib_Delays.c,86 :: 		if (NumberOfCyc < 690)
0x00DC	0x3000      	MOVLW      0
0x00DD	0x0273      	SUBWF      R3, 0
0x00DE	0x1D03      	BTFSS      STATUS, 2
0x00DF	0x28EA      	GOTO       L__VDelay_ms39
0x00E0	0x3000      	MOVLW      0
0x00E1	0x0272      	SUBWF      R2, 0
0x00E2	0x1D03      	BTFSS      STATUS, 2
0x00E3	0x28EA      	GOTO       L__VDelay_ms39
0x00E4	0x3002      	MOVLW      2
0x00E5	0x0271      	SUBWF      R1, 0
0x00E6	0x1D03      	BTFSS      STATUS, 2
0x00E7	0x28EA      	GOTO       L__VDelay_ms39
0x00E8	0x30B2      	MOVLW      178
0x00E9	0x0270      	SUBWF      R0, 0
L__VDelay_ms39:
0x00EA	0x1803      	BTFSC      STATUS, 0
0x00EB	0x28ED      	GOTO       L_VDelay_ms16
;__Lib_Delays.c,87 :: 		return;
0x00EC	0x291C      	GOTO       L_end_VDelay_ms
L_VDelay_ms16:
;__Lib_Delays.c,88 :: 		NumberOfCyc -= 690;
0x00ED	0x30B2      	MOVLW      178
0x00EE	0x02A7      	SUBWF      VDelay_ms_NumberOfCyc_L0, 1
0x00EF	0x3002      	MOVLW      2
0x00F0	0x3BA8      	SUBWFB     VDelay_ms_NumberOfCyc_L0+1, 1
0x00F1	0x3000      	MOVLW      0
0x00F2	0x3BA9      	SUBWFB     VDelay_ms_NumberOfCyc_L0+2, 1
0x00F3	0x3BAA      	SUBWFB     VDelay_ms_NumberOfCyc_L0+3, 1
;__Lib_Delays.c,89 :: 		NumberOfCyc =  NumberOfCyc >> 5; // Dec and While below take around 32 instructions
0x00F4	0x3005      	MOVLW      5
0x00F5	0x00F0      	MOVWF      R0
0x00F6	0x0870      	MOVF       R0, 0
L__VDelay_ms40:
0x00F7	0x1903      	BTFSC      STATUS, 2
0x00F8	0x28FF      	GOTO       L__VDelay_ms41
0x00F9	0x36AA      	LSRF       VDelay_ms_NumberOfCyc_L0+3, 1
0x00FA	0x0CA9      	RRF        VDelay_ms_NumberOfCyc_L0+2, 1
0x00FB	0x0CA8      	RRF        VDelay_ms_NumberOfCyc_L0+1, 1
0x00FC	0x0CA7      	RRF        VDelay_ms_NumberOfCyc_L0, 1
0x00FD	0x3EFF      	ADDLW      255
0x00FE	0x28F7      	GOTO       L__VDelay_ms40
L__VDelay_ms41:
;__Lib_Delays.c,90 :: 		while (NumberOfCyc--)
L_VDelay_ms17:
0x00FF	0x0827      	MOVF       VDelay_ms_NumberOfCyc_L0, 0
0x0100	0x00F0      	MOVWF      R0
0x0101	0x0828      	MOVF       VDelay_ms_NumberOfCyc_L0+1, 0
0x0102	0x00F1      	MOVWF      R1
0x0103	0x0829      	MOVF       VDelay_ms_NumberOfCyc_L0+2, 0
0x0104	0x00F2      	MOVWF      R2
0x0105	0x082A      	MOVF       VDelay_ms_NumberOfCyc_L0+3, 0
0x0106	0x00F3      	MOVWF      R3
0x0107	0x3001      	MOVLW      1
0x0108	0x02A7      	SUBWF      VDelay_ms_NumberOfCyc_L0, 1
0x0109	0x3000      	MOVLW      0
0x010A	0x3BA8      	SUBWFB     VDelay_ms_NumberOfCyc_L0+1, 1
0x010B	0x3BA9      	SUBWFB     VDelay_ms_NumberOfCyc_L0+2, 1
0x010C	0x3BAA      	SUBWFB     VDelay_ms_NumberOfCyc_L0+3, 1
0x010D	0x0870      	MOVF       R0, 0
0x010E	0x0471      	IORWF       R1, 0
0x010F	0x0472      	IORWF       R2, 0
0x0110	0x0473      	IORWF       R3, 0
0x0111	0x1903      	BTFSC      STATUS, 2
0x0112	0x291C      	GOTO       L_VDelay_ms18
;__Lib_Delays.c,92 :: 		asm nop;
0x0113	0x0000      	NOP
;__Lib_Delays.c,93 :: 		asm nop;
0x0114	0x0000      	NOP
;__Lib_Delays.c,94 :: 		asm nop;
0x0115	0x0000      	NOP
;__Lib_Delays.c,95 :: 		asm nop;
0x0116	0x0000      	NOP
;__Lib_Delays.c,96 :: 		asm nop;
0x0117	0x0000      	NOP
;__Lib_Delays.c,97 :: 		asm nop;
0x0118	0x0000      	NOP
;__Lib_Delays.c,98 :: 		asm nop;
0x0119	0x0000      	NOP
;__Lib_Delays.c,99 :: 		asm nop;
0x011A	0x0000      	NOP
;__Lib_Delays.c,100 :: 		}
0x011B	0x28FF      	GOTO       L_VDelay_ms17
L_VDelay_ms18:
;__Lib_Delays.c,101 :: 		}
L_end_VDelay_ms:
0x011C	0x0008      	RETURN
; end of _VDelay_ms
_main:
0x011D	0x3001      	MOVLW      1
0x011E	0x0020      	MOVLB      0
0x011F	0x00A2      	MOVWF      _price
0x0120	0x3005      	MOVLW      5
0x0121	0x00A3      	MOVWF      _time
0x0122	0x01A4      	CLRF       _coins
;Temporizador_Monedero.c,38 :: 		void main()
;Temporizador_Monedero.c,40 :: 		OSCCON = 0b11110000; //configure internal oscilator for 32Mhz
0x0123	0x30F0      	MOVLW      240
0x0124	0x0021      	MOVLB      1
0x0125	0x0099      	MOVWF      OSCCON
;Temporizador_Monedero.c,41 :: 		TRISA = 0b00111100;  //configure IO
0x0126	0x303C      	MOVLW      60
0x0127	0x008C      	MOVWF      TRISA
;Temporizador_Monedero.c,42 :: 		ANSELA = 0b00000000; //analog functions of pins disabled
0x0128	0x0023      	MOVLB      3
0x0129	0x018C      	CLRF       ANSELA
;Temporizador_Monedero.c,43 :: 		WPUA = 0b00111100;   //configure weak pull-ups on input pins
0x012A	0x303C      	MOVLW      60
0x012B	0x0024      	MOVLB      4
0x012C	0x008C      	MOVWF      WPUA
;Temporizador_Monedero.c,44 :: 		PORTA = 0b0000000;
0x012D	0x0020      	MOVLB      0
0x012E	0x018C      	CLRF       PORTA
;Temporizador_Monedero.c,45 :: 		OPTION_REG.f7 = 0;   //enable weak pull-ups
0x012F	0x0021      	MOVLB      1
0x0130	0x1395      	BCF        OPTION_REG, 7
;Temporizador_Monedero.c,46 :: 		OPTION_REG.f6 = 0; //interrupt on falling edge
0x0131	0x1315      	BCF        OPTION_REG, 6
;Temporizador_Monedero.c,47 :: 		INTCON = 0b00010000; //enables interrupts
0x0132	0x3010      	MOVLW      16
0x0133	0x008B      	MOVWF      INTCON
;Temporizador_Monedero.c,48 :: 		if (BT_TIME == 1)
0x0134	0x0020      	MOVLB      0
0x0135	0x1D8C      	BTFSS      PORTA, 3
0x0136	0x2953      	GOTO       L_main4
;Temporizador_Monedero.c,50 :: 		price = EEPROM_read(0);
0x0137	0x01A5      	CLRF       FARG_EEPROM_Read_Address
0x0138	0x206B      	CALL       _EEPROM_Read
0x0139	0x0870      	MOVF       R0, 0
0x013A	0x0020      	MOVLB      0
0x013B	0x00A2      	MOVWF      _price
;Temporizador_Monedero.c,51 :: 		time = EEPROM_read(1);
0x013C	0x3001      	MOVLW      1
0x013D	0x00A5      	MOVWF      FARG_EEPROM_Read_Address
0x013E	0x206B      	CALL       _EEPROM_Read
0x013F	0x0870      	MOVF       R0, 0
0x0140	0x0020      	MOVLB      0
0x0141	0x00A3      	MOVWF      _time
;Temporizador_Monedero.c,52 :: 		LED = 1;
0x0142	0x140C      	BSF        PORTA, 0
;Temporizador_Monedero.c,53 :: 		delay_ms(250);
0x0143	0x300B      	MOVLW      11
0x0144	0x00FB      	MOVWF      R11
0x0145	0x3026      	MOVLW      38
0x0146	0x00FC      	MOVWF      R12
0x0147	0x305D      	MOVLW      93
0x0148	0x00FD      	MOVWF      R13
L_main5:
0x0149	0x0BFD      	DECFSZ     R13, 1
0x014A	0x2949      	GOTO       L_main5
0x014B	0x0BFC      	DECFSZ     R12, 1
0x014C	0x2949      	GOTO       L_main5
0x014D	0x0BFB      	DECFSZ     R11, 1
0x014E	0x2949      	GOTO       L_main5
0x014F	0x0000      	NOP
0x0150	0x0000      	NOP
;Temporizador_Monedero.c,54 :: 		LED = 0;
0x0151	0x100C      	BCF        PORTA, 0
;Temporizador_Monedero.c,55 :: 		}
0x0152	0x298A      	GOTO       L_main6
L_main4:
;Temporizador_Monedero.c,58 :: 		price = default_price;
0x0153	0x3001      	MOVLW      1
0x0154	0x00A2      	MOVWF      _price
;Temporizador_Monedero.c,59 :: 		time = default_time;
0x0155	0x3005      	MOVLW      5
0x0156	0x00A3      	MOVWF      _time
;Temporizador_Monedero.c,60 :: 		EEPROM_write(0,price);
0x0157	0x01A5      	CLRF       FARG_EEPROM_Write_Address
0x0158	0x3001      	MOVLW      1
0x0159	0x00A6      	MOVWF      FARG_EEPROM_Write_data_
0x015A	0x2076      	CALL       _EEPROM_Write
;Temporizador_Monedero.c,61 :: 		EEPROM_write(1,time);
0x015B	0x3001      	MOVLW      1
0x015C	0x0020      	MOVLB      0
0x015D	0x00A5      	MOVWF      FARG_EEPROM_Write_Address
0x015E	0x0823      	MOVF       _time, 0
0x015F	0x00A6      	MOVWF      FARG_EEPROM_Write_data_
0x0160	0x2076      	CALL       _EEPROM_Write
;Temporizador_Monedero.c,62 :: 		LED = 1;
0x0161	0x0020      	MOVLB      0
0x0162	0x140C      	BSF        PORTA, 0
;Temporizador_Monedero.c,63 :: 		delay_ms(100);
0x0163	0x3005      	MOVLW      5
0x0164	0x00FB      	MOVWF      R11
0x0165	0x300F      	MOVLW      15
0x0166	0x00FC      	MOVWF      R12
0x0167	0x30F1      	MOVLW      241
0x0168	0x00FD      	MOVWF      R13
L_main7:
0x0169	0x0BFD      	DECFSZ     R13, 1
0x016A	0x2969      	GOTO       L_main7
0x016B	0x0BFC      	DECFSZ     R12, 1
0x016C	0x2969      	GOTO       L_main7
0x016D	0x0BFB      	DECFSZ     R11, 1
0x016E	0x2969      	GOTO       L_main7
;Temporizador_Monedero.c,64 :: 		LED = 0;
0x016F	0x100C      	BCF        PORTA, 0
;Temporizador_Monedero.c,65 :: 		delay_ms(50);
0x0170	0x3003      	MOVLW      3
0x0171	0x00FB      	MOVWF      R11
0x0172	0x3008      	MOVLW      8
0x0173	0x00FC      	MOVWF      R12
0x0174	0x3077      	MOVLW      119
0x0175	0x00FD      	MOVWF      R13
L_main8:
0x0176	0x0BFD      	DECFSZ     R13, 1
0x0177	0x2976      	GOTO       L_main8
0x0178	0x0BFC      	DECFSZ     R12, 1
0x0179	0x2976      	GOTO       L_main8
0x017A	0x0BFB      	DECFSZ     R11, 1
0x017B	0x2976      	GOTO       L_main8
;Temporizador_Monedero.c,66 :: 		LED = 1;
0x017C	0x140C      	BSF        PORTA, 0
;Temporizador_Monedero.c,67 :: 		delay_ms(100);
0x017D	0x3005      	MOVLW      5
0x017E	0x00FB      	MOVWF      R11
0x017F	0x300F      	MOVLW      15
0x0180	0x00FC      	MOVWF      R12
0x0181	0x30F1      	MOVLW      241
0x0182	0x00FD      	MOVWF      R13
L_main9:
0x0183	0x0BFD      	DECFSZ     R13, 1
0x0184	0x2983      	GOTO       L_main9
0x0185	0x0BFC      	DECFSZ     R12, 1
0x0186	0x2983      	GOTO       L_main9
0x0187	0x0BFB      	DECFSZ     R11, 1
0x0188	0x2983      	GOTO       L_main9
;Temporizador_Monedero.c,68 :: 		LED = 0;
0x0189	0x100C      	BCF        PORTA, 0
;Temporizador_Monedero.c,69 :: 		}
L_main6:
;Temporizador_Monedero.c,70 :: 		INTCON.f7 = 1;       //run interrupts
0x018A	0x178B      	BSF        INTCON, 7
;Temporizador_Monedero.c,72 :: 		while(1)
L_main10:
;Temporizador_Monedero.c,74 :: 		if (coins >= price)
0x018B	0x0822      	MOVF       _price, 0
0x018C	0x0224      	SUBWF      _coins, 0
0x018D	0x1C03      	BTFSS      STATUS, 0
0x018E	0x29AE      	GOTO       L_main12
;Temporizador_Monedero.c,76 :: 		coins = coins - price;
0x018F	0x0822      	MOVF       _price, 0
0x0190	0x02A4      	SUBWF      _coins, 1
;Temporizador_Monedero.c,77 :: 		RELAY = 1;
0x0191	0x148C      	BSF        PORTA, 1
;Temporizador_Monedero.c,78 :: 		Vdelay_ms(time*1000);
0x0192	0x0823      	MOVF       _time, 0
0x0193	0x00F0      	MOVWF      R0
0x0194	0x01F1      	CLRF       R1
0x0195	0x30E8      	MOVLW      232
0x0196	0x00F4      	MOVWF      R4
0x0197	0x3003      	MOVLW      3
0x0198	0x00F5      	MOVWF      R5
0x0199	0x2094      	CALL       _Mul_16X16_U
0x019A	0x0870      	MOVF       R0, 0
0x019B	0x00A5      	MOVWF      FARG_VDelay_ms_Time_ms
0x019C	0x0871      	MOVF       R1, 0
0x019D	0x00A6      	MOVWF      FARG_VDelay_ms_Time_ms+1
0x019E	0x20BE      	CALL       _VDelay_ms
;Temporizador_Monedero.c,79 :: 		RELAY = 0;
0x019F	0x108C      	BCF        PORTA, 1
;Temporizador_Monedero.c,80 :: 		delay_ms(spacing_time);
0x01A0	0x303D      	MOVLW      61
0x01A1	0x00FB      	MOVWF      R11
0x01A2	0x30E1      	MOVLW      225
0x01A3	0x00FC      	MOVWF      R12
0x01A4	0x303F      	MOVLW      63
0x01A5	0x00FD      	MOVWF      R13
L_main13:
0x01A6	0x0BFD      	DECFSZ     R13, 1
0x01A7	0x29A6      	GOTO       L_main13
0x01A8	0x0BFC      	DECFSZ     R12, 1
0x01A9	0x29A6      	GOTO       L_main13
0x01AA	0x0BFB      	DECFSZ     R11, 1
0x01AB	0x29A6      	GOTO       L_main13
0x01AC	0x0000      	NOP
0x01AD	0x0000      	NOP
;Temporizador_Monedero.c,81 :: 		}
L_main12:
;Temporizador_Monedero.c,83 :: 		if(BT_TIME == 0 && BT_UP == 0 && BT_DOWN == 1)    //increment time
0x01AE	0x198C      	BTFSC      PORTA, 3
0x01AF	0x29FC      	GOTO       L_main16
0x01B0	0x1A0C      	BTFSC      PORTA, 4
0x01B1	0x29FC      	GOTO       L_main16
0x01B2	0x1E8C      	BTFSS      PORTA, 5
0x01B3	0x29FC      	GOTO       L_main16
L__main73:
;Temporizador_Monedero.c,85 :: 		time++;
0x01B4	0x0AA3      	INCF       _time, 1
;Temporizador_Monedero.c,86 :: 		if (time >= max_time)
0x01B5	0x3064      	MOVLW      100
0x01B6	0x0223      	SUBWF      _time, 0
0x01B7	0x1C03      	BTFSS      STATUS, 0
0x01B8	0x29CB      	GOTO       L_main17
;Temporizador_Monedero.c,88 :: 		time = max_time;
0x01B9	0x3064      	MOVLW      100
0x01BA	0x00A3      	MOVWF      _time
;Temporizador_Monedero.c,89 :: 		LED = 1;
0x01BB	0x140C      	BSF        PORTA, 0
;Temporizador_Monedero.c,90 :: 		delay_ms(200);
0x01BC	0x3009      	MOVLW      9
0x01BD	0x00FB      	MOVWF      R11
0x01BE	0x301E      	MOVLW      30
0x01BF	0x00FC      	MOVWF      R12
0x01C0	0x30E4      	MOVLW      228
0x01C1	0x00FD      	MOVWF      R13
L_main18:
0x01C2	0x0BFD      	DECFSZ     R13, 1
0x01C3	0x29C2      	GOTO       L_main18
0x01C4	0x0BFC      	DECFSZ     R12, 1
0x01C5	0x29C2      	GOTO       L_main18
0x01C6	0x0BFB      	DECFSZ     R11, 1
0x01C7	0x29C2      	GOTO       L_main18
0x01C8	0x0000      	NOP
;Temporizador_Monedero.c,91 :: 		LED = 0;
0x01C9	0x100C      	BCF        PORTA, 0
;Temporizador_Monedero.c,92 :: 		}
0x01CA	0x29D9      	GOTO       L_main19
L_main17:
;Temporizador_Monedero.c,95 :: 		LED = 1;
0x01CB	0x140C      	BSF        PORTA, 0
;Temporizador_Monedero.c,96 :: 		delay_ms(50);
0x01CC	0x3003      	MOVLW      3
0x01CD	0x00FB      	MOVWF      R11
0x01CE	0x3008      	MOVLW      8
0x01CF	0x00FC      	MOVWF      R12
0x01D0	0x3077      	MOVLW      119
0x01D1	0x00FD      	MOVWF      R13
L_main20:
0x01D2	0x0BFD      	DECFSZ     R13, 1
0x01D3	0x29D2      	GOTO       L_main20
0x01D4	0x0BFC      	DECFSZ     R12, 1
0x01D5	0x29D2      	GOTO       L_main20
0x01D6	0x0BFB      	DECFSZ     R11, 1
0x01D7	0x29D2      	GOTO       L_main20
;Temporizador_Monedero.c,97 :: 		LED = 0;
0x01D8	0x100C      	BCF        PORTA, 0
;Temporizador_Monedero.c,98 :: 		}
L_main19:
;Temporizador_Monedero.c,99 :: 		EEPROM_write(1,time);
0x01D9	0x3001      	MOVLW      1
0x01DA	0x00A5      	MOVWF      FARG_EEPROM_Write_Address
0x01DB	0x0823      	MOVF       _time, 0
0x01DC	0x00A6      	MOVWF      FARG_EEPROM_Write_data_
0x01DD	0x2076      	CALL       _EEPROM_Write
;Temporizador_Monedero.c,100 :: 		while(BT_TIME == 0 && BT_UP == 0 && BT_DOWN == 1)
L_main21:
0x01DE	0x0020      	MOVLB      0
0x01DF	0x198C      	BTFSC      PORTA, 3
0x01E0	0x29EF      	GOTO       L_main22
0x01E1	0x1A0C      	BTFSC      PORTA, 4
0x01E2	0x29EF      	GOTO       L_main22
0x01E3	0x1E8C      	BTFSS      PORTA, 5
0x01E4	0x29EF      	GOTO       L_main22
L__main72:
;Temporizador_Monedero.c,102 :: 		delay_ms(10);
0x01E5	0x3068      	MOVLW      104
0x01E6	0x00FC      	MOVWF      R12
0x01E7	0x30E4      	MOVLW      228
0x01E8	0x00FD      	MOVWF      R13
L_main25:
0x01E9	0x0BFD      	DECFSZ     R13, 1
0x01EA	0x29E9      	GOTO       L_main25
0x01EB	0x0BFC      	DECFSZ     R12, 1
0x01EC	0x29E9      	GOTO       L_main25
0x01ED	0x0000      	NOP
;Temporizador_Monedero.c,103 :: 		}
0x01EE	0x29DE      	GOTO       L_main21
L_main22:
;Temporizador_Monedero.c,104 :: 		delay_ms(500);
0x01EF	0x3015      	MOVLW      21
0x01F0	0x00FB      	MOVWF      R11
0x01F1	0x304B      	MOVLW      75
0x01F2	0x00FC      	MOVWF      R12
0x01F3	0x30BE      	MOVLW      190
0x01F4	0x00FD      	MOVWF      R13
L_main26:
0x01F5	0x0BFD      	DECFSZ     R13, 1
0x01F6	0x29F5      	GOTO       L_main26
0x01F7	0x0BFC      	DECFSZ     R12, 1
0x01F8	0x29F5      	GOTO       L_main26
0x01F9	0x0BFB      	DECFSZ     R11, 1
0x01FA	0x29F5      	GOTO       L_main26
0x01FB	0x0000      	NOP
;Temporizador_Monedero.c,105 :: 		}
L_main16:
;Temporizador_Monedero.c,107 :: 		if(BT_TIME == 0 && BT_UP == 1 && BT_DOWN == 0)    //decrement time
0x01FC	0x198C      	BTFSC      PORTA, 3
0x01FD	0x2A4A      	GOTO       L_main29
0x01FE	0x1E0C      	BTFSS      PORTA, 4
0x01FF	0x2A4A      	GOTO       L_main29
0x0200	0x1A8C      	BTFSC      PORTA, 5
0x0201	0x2A4A      	GOTO       L_main29
L__main71:
;Temporizador_Monedero.c,109 :: 		time--;
0x0202	0x03A3      	DECF       _time, 1
;Temporizador_Monedero.c,110 :: 		if (time <= min_time)
0x0203	0x0823      	MOVF       _time, 0
0x0204	0x3C01      	SUBLW      1
0x0205	0x1C03      	BTFSS      STATUS, 0
0x0206	0x2A19      	GOTO       L_main30
;Temporizador_Monedero.c,112 :: 		time = min_time;
0x0207	0x3001      	MOVLW      1
0x0208	0x00A3      	MOVWF      _time
;Temporizador_Monedero.c,113 :: 		LED = 1;
0x0209	0x140C      	BSF        PORTA, 0
;Temporizador_Monedero.c,114 :: 		delay_ms(200);
0x020A	0x3009      	MOVLW      9
0x020B	0x00FB      	MOVWF      R11
0x020C	0x301E      	MOVLW      30
0x020D	0x00FC      	MOVWF      R12
0x020E	0x30E4      	MOVLW      228
0x020F	0x00FD      	MOVWF      R13
L_main31:
0x0210	0x0BFD      	DECFSZ     R13, 1
0x0211	0x2A10      	GOTO       L_main31
0x0212	0x0BFC      	DECFSZ     R12, 1
0x0213	0x2A10      	GOTO       L_main31
0x0214	0x0BFB      	DECFSZ     R11, 1
0x0215	0x2A10      	GOTO       L_main31
0x0216	0x0000      	NOP
;Temporizador_Monedero.c,115 :: 		LED = 0;
0x0217	0x100C      	BCF        PORTA, 0
;Temporizador_Monedero.c,116 :: 		}
0x0218	0x2A27      	GOTO       L_main32
L_main30:
;Temporizador_Monedero.c,119 :: 		LED = 1;
0x0219	0x140C      	BSF        PORTA, 0
;Temporizador_Monedero.c,120 :: 		delay_ms(50);
0x021A	0x3003      	MOVLW      3
0x021B	0x00FB      	MOVWF      R11
0x021C	0x3008      	MOVLW      8
0x021D	0x00FC      	MOVWF      R12
0x021E	0x3077      	MOVLW      119
0x021F	0x00FD      	MOVWF      R13
L_main33:
0x0220	0x0BFD      	DECFSZ     R13, 1
0x0221	0x2A20      	GOTO       L_main33
0x0222	0x0BFC      	DECFSZ     R12, 1
0x0223	0x2A20      	GOTO       L_main33
0x0224	0x0BFB      	DECFSZ     R11, 1
0x0225	0x2A20      	GOTO       L_main33
;Temporizador_Monedero.c,121 :: 		LED = 0;
0x0226	0x100C      	BCF        PORTA, 0
;Temporizador_Monedero.c,122 :: 		}
L_main32:
;Temporizador_Monedero.c,123 :: 		EEPROM_write(1,time);
0x0227	0x3001      	MOVLW      1
0x0228	0x00A5      	MOVWF      FARG_EEPROM_Write_Address
0x0229	0x0823      	MOVF       _time, 0
0x022A	0x00A6      	MOVWF      FARG_EEPROM_Write_data_
0x022B	0x2076      	CALL       _EEPROM_Write
;Temporizador_Monedero.c,124 :: 		while(BT_TIME == 0 && BT_UP == 1 && BT_DOWN == 0)
L_main34:
0x022C	0x0020      	MOVLB      0
0x022D	0x198C      	BTFSC      PORTA, 3
0x022E	0x2A3D      	GOTO       L_main35
0x022F	0x1E0C      	BTFSS      PORTA, 4
0x0230	0x2A3D      	GOTO       L_main35
0x0231	0x1A8C      	BTFSC      PORTA, 5
0x0232	0x2A3D      	GOTO       L_main35
L__main70:
;Temporizador_Monedero.c,126 :: 		delay_ms(10);
0x0233	0x3068      	MOVLW      104
0x0234	0x00FC      	MOVWF      R12
0x0235	0x30E4      	MOVLW      228
0x0236	0x00FD      	MOVWF      R13
L_main38:
0x0237	0x0BFD      	DECFSZ     R13, 1
0x0238	0x2A37      	GOTO       L_main38
0x0239	0x0BFC      	DECFSZ     R12, 1
0x023A	0x2A37      	GOTO       L_main38
0x023B	0x0000      	NOP
;Temporizador_Monedero.c,127 :: 		}
0x023C	0x2A2C      	GOTO       L_main34
L_main35:
;Temporizador_Monedero.c,128 :: 		delay_ms(500);
0x023D	0x3015      	MOVLW      21
0x023E	0x00FB      	MOVWF      R11
0x023F	0x304B      	MOVLW      75
0x0240	0x00FC      	MOVWF      R12
0x0241	0x30BE      	MOVLW      190
0x0242	0x00FD      	MOVWF      R13
L_main39:
0x0243	0x0BFD      	DECFSZ     R13, 1
0x0244	0x2A43      	GOTO       L_main39
0x0245	0x0BFC      	DECFSZ     R12, 1
0x0246	0x2A43      	GOTO       L_main39
0x0247	0x0BFB      	DECFSZ     R11, 1
0x0248	0x2A43      	GOTO       L_main39
0x0249	0x0000      	NOP
;Temporizador_Monedero.c,129 :: 		}
L_main29:
;Temporizador_Monedero.c,131 :: 		if(BT_TIME == 1 && BT_UP == 0 && BT_DOWN == 1)    //increment price
0x024A	0x1D8C      	BTFSS      PORTA, 3
0x024B	0x2A97      	GOTO       L_main42
0x024C	0x1A0C      	BTFSC      PORTA, 4
0x024D	0x2A97      	GOTO       L_main42
0x024E	0x1E8C      	BTFSS      PORTA, 5
0x024F	0x2A97      	GOTO       L_main42
L__main69:
;Temporizador_Monedero.c,133 :: 		price++;
0x0250	0x0AA2      	INCF       _price, 1
;Temporizador_Monedero.c,134 :: 		if (price >= max_price)
0x0251	0x3064      	MOVLW      100
0x0252	0x0222      	SUBWF      _price, 0
0x0253	0x1C03      	BTFSS      STATUS, 0
0x0254	0x2A67      	GOTO       L_main43
;Temporizador_Monedero.c,136 :: 		price = max_price;
0x0255	0x3064      	MOVLW      100
0x0256	0x00A2      	MOVWF      _price
;Temporizador_Monedero.c,137 :: 		LED = 1;
0x0257	0x140C      	BSF        PORTA, 0
;Temporizador_Monedero.c,138 :: 		delay_ms(200);
0x0258	0x3009      	MOVLW      9
0x0259	0x00FB      	MOVWF      R11
0x025A	0x301E      	MOVLW      30
0x025B	0x00FC      	MOVWF      R12
0x025C	0x30E4      	MOVLW      228
0x025D	0x00FD      	MOVWF      R13
L_main44:
0x025E	0x0BFD      	DECFSZ     R13, 1
0x025F	0x2A5E      	GOTO       L_main44
0x0260	0x0BFC      	DECFSZ     R12, 1
0x0261	0x2A5E      	GOTO       L_main44
0x0262	0x0BFB      	DECFSZ     R11, 1
0x0263	0x2A5E      	GOTO       L_main44
0x0264	0x0000      	NOP
;Temporizador_Monedero.c,139 :: 		LED = 0;
0x0265	0x100C      	BCF        PORTA, 0
;Temporizador_Monedero.c,140 :: 		}
0x0266	0x2A75      	GOTO       L_main45
L_main43:
;Temporizador_Monedero.c,143 :: 		LED = 1;
0x0267	0x140C      	BSF        PORTA, 0
;Temporizador_Monedero.c,144 :: 		delay_ms(50);
0x0268	0x3003      	MOVLW      3
0x0269	0x00FB      	MOVWF      R11
0x026A	0x3008      	MOVLW      8
0x026B	0x00FC      	MOVWF      R12
0x026C	0x3077      	MOVLW      119
0x026D	0x00FD      	MOVWF      R13
L_main46:
0x026E	0x0BFD      	DECFSZ     R13, 1
0x026F	0x2A6E      	GOTO       L_main46
0x0270	0x0BFC      	DECFSZ     R12, 1
0x0271	0x2A6E      	GOTO       L_main46
0x0272	0x0BFB      	DECFSZ     R11, 1
0x0273	0x2A6E      	GOTO       L_main46
;Temporizador_Monedero.c,145 :: 		LED = 0;
0x0274	0x100C      	BCF        PORTA, 0
;Temporizador_Monedero.c,146 :: 		}
L_main45:
;Temporizador_Monedero.c,147 :: 		EEPROM_write(0,price);
0x0275	0x01A5      	CLRF       FARG_EEPROM_Write_Address
0x0276	0x0822      	MOVF       _price, 0
0x0277	0x00A6      	MOVWF      FARG_EEPROM_Write_data_
0x0278	0x2076      	CALL       _EEPROM_Write
;Temporizador_Monedero.c,148 :: 		while(BT_TIME == 1 && BT_UP == 0 && BT_DOWN == 1)
L_main47:
0x0279	0x0020      	MOVLB      0
0x027A	0x1D8C      	BTFSS      PORTA, 3
0x027B	0x2A8A      	GOTO       L_main48
0x027C	0x1A0C      	BTFSC      PORTA, 4
0x027D	0x2A8A      	GOTO       L_main48
0x027E	0x1E8C      	BTFSS      PORTA, 5
0x027F	0x2A8A      	GOTO       L_main48
L__main68:
;Temporizador_Monedero.c,150 :: 		delay_ms(10);
0x0280	0x3068      	MOVLW      104
0x0281	0x00FC      	MOVWF      R12
0x0282	0x30E4      	MOVLW      228
0x0283	0x00FD      	MOVWF      R13
L_main51:
0x0284	0x0BFD      	DECFSZ     R13, 1
0x0285	0x2A84      	GOTO       L_main51
0x0286	0x0BFC      	DECFSZ     R12, 1
0x0287	0x2A84      	GOTO       L_main51
0x0288	0x0000      	NOP
;Temporizador_Monedero.c,151 :: 		}
0x0289	0x2A79      	GOTO       L_main47
L_main48:
;Temporizador_Monedero.c,152 :: 		delay_ms(500);
0x028A	0x3015      	MOVLW      21
0x028B	0x00FB      	MOVWF      R11
0x028C	0x304B      	MOVLW      75
0x028D	0x00FC      	MOVWF      R12
0x028E	0x30BE      	MOVLW      190
0x028F	0x00FD      	MOVWF      R13
L_main52:
0x0290	0x0BFD      	DECFSZ     R13, 1
0x0291	0x2A90      	GOTO       L_main52
0x0292	0x0BFC      	DECFSZ     R12, 1
0x0293	0x2A90      	GOTO       L_main52
0x0294	0x0BFB      	DECFSZ     R11, 1
0x0295	0x2A90      	GOTO       L_main52
0x0296	0x0000      	NOP
;Temporizador_Monedero.c,153 :: 		}
L_main42:
;Temporizador_Monedero.c,155 :: 		if(BT_TIME == 1 && BT_UP == 1 && BT_DOWN == 0)    //decrement price
0x0297	0x1D8C      	BTFSS      PORTA, 3
0x0298	0x2AE4      	GOTO       L_main55
0x0299	0x1E0C      	BTFSS      PORTA, 4
0x029A	0x2AE4      	GOTO       L_main55
0x029B	0x1A8C      	BTFSC      PORTA, 5
0x029C	0x2AE4      	GOTO       L_main55
L__main67:
;Temporizador_Monedero.c,157 :: 		price--;
0x029D	0x03A2      	DECF       _price, 1
;Temporizador_Monedero.c,158 :: 		if (price <= min_price)
0x029E	0x0822      	MOVF       _price, 0
0x029F	0x3C01      	SUBLW      1
0x02A0	0x1C03      	BTFSS      STATUS, 0
0x02A1	0x2AB4      	GOTO       L_main56
;Temporizador_Monedero.c,160 :: 		price = min_price;
0x02A2	0x3001      	MOVLW      1
0x02A3	0x00A2      	MOVWF      _price
;Temporizador_Monedero.c,161 :: 		LED = 1;
0x02A4	0x140C      	BSF        PORTA, 0
;Temporizador_Monedero.c,162 :: 		delay_ms(200);
0x02A5	0x3009      	MOVLW      9
0x02A6	0x00FB      	MOVWF      R11
0x02A7	0x301E      	MOVLW      30
0x02A8	0x00FC      	MOVWF      R12
0x02A9	0x30E4      	MOVLW      228
0x02AA	0x00FD      	MOVWF      R13
L_main57:
0x02AB	0x0BFD      	DECFSZ     R13, 1
0x02AC	0x2AAB      	GOTO       L_main57
0x02AD	0x0BFC      	DECFSZ     R12, 1
0x02AE	0x2AAB      	GOTO       L_main57
0x02AF	0x0BFB      	DECFSZ     R11, 1
0x02B0	0x2AAB      	GOTO       L_main57
0x02B1	0x0000      	NOP
;Temporizador_Monedero.c,163 :: 		LED = 0;
0x02B2	0x100C      	BCF        PORTA, 0
;Temporizador_Monedero.c,164 :: 		}
0x02B3	0x2AC2      	GOTO       L_main58
L_main56:
;Temporizador_Monedero.c,167 :: 		LED = 1;
0x02B4	0x140C      	BSF        PORTA, 0
;Temporizador_Monedero.c,168 :: 		delay_ms(50);
0x02B5	0x3003      	MOVLW      3
0x02B6	0x00FB      	MOVWF      R11
0x02B7	0x3008      	MOVLW      8
0x02B8	0x00FC      	MOVWF      R12
0x02B9	0x3077      	MOVLW      119
0x02BA	0x00FD      	MOVWF      R13
L_main59:
0x02BB	0x0BFD      	DECFSZ     R13, 1
0x02BC	0x2ABB      	GOTO       L_main59
0x02BD	0x0BFC      	DECFSZ     R12, 1
0x02BE	0x2ABB      	GOTO       L_main59
0x02BF	0x0BFB      	DECFSZ     R11, 1
0x02C0	0x2ABB      	GOTO       L_main59
;Temporizador_Monedero.c,169 :: 		LED = 0;
0x02C1	0x100C      	BCF        PORTA, 0
;Temporizador_Monedero.c,170 :: 		}
L_main58:
;Temporizador_Monedero.c,171 :: 		EEPROM_write(0,price);
0x02C2	0x01A5      	CLRF       FARG_EEPROM_Write_Address
0x02C3	0x0822      	MOVF       _price, 0
0x02C4	0x00A6      	MOVWF      FARG_EEPROM_Write_data_
0x02C5	0x2076      	CALL       _EEPROM_Write
;Temporizador_Monedero.c,172 :: 		while(BT_TIME == 1 && BT_UP == 1 && BT_DOWN == 0)
L_main60:
0x02C6	0x0020      	MOVLB      0
0x02C7	0x1D8C      	BTFSS      PORTA, 3
0x02C8	0x2AD7      	GOTO       L_main61
0x02C9	0x1E0C      	BTFSS      PORTA, 4
0x02CA	0x2AD7      	GOTO       L_main61
0x02CB	0x1A8C      	BTFSC      PORTA, 5
0x02CC	0x2AD7      	GOTO       L_main61
L__main66:
;Temporizador_Monedero.c,174 :: 		delay_ms(10);
0x02CD	0x3068      	MOVLW      104
0x02CE	0x00FC      	MOVWF      R12
0x02CF	0x30E4      	MOVLW      228
0x02D0	0x00FD      	MOVWF      R13
L_main64:
0x02D1	0x0BFD      	DECFSZ     R13, 1
0x02D2	0x2AD1      	GOTO       L_main64
0x02D3	0x0BFC      	DECFSZ     R12, 1
0x02D4	0x2AD1      	GOTO       L_main64
0x02D5	0x0000      	NOP
;Temporizador_Monedero.c,175 :: 		}
0x02D6	0x2AC6      	GOTO       L_main60
L_main61:
;Temporizador_Monedero.c,176 :: 		delay_ms(500);
0x02D7	0x3015      	MOVLW      21
0x02D8	0x00FB      	MOVWF      R11
0x02D9	0x304B      	MOVLW      75
0x02DA	0x00FC      	MOVWF      R12
0x02DB	0x30BE      	MOVLW      190
0x02DC	0x00FD      	MOVWF      R13
L_main65:
0x02DD	0x0BFD      	DECFSZ     R13, 1
0x02DE	0x2ADD      	GOTO       L_main65
0x02DF	0x0BFC      	DECFSZ     R12, 1
0x02E0	0x2ADD      	GOTO       L_main65
0x02E1	0x0BFB      	DECFSZ     R11, 1
0x02E2	0x2ADD      	GOTO       L_main65
0x02E3	0x0000      	NOP
;Temporizador_Monedero.c,177 :: 		}
L_main55:
;Temporizador_Monedero.c,178 :: 		}
0x02E4	0x298B      	GOTO       L_main10
;Temporizador_Monedero.c,180 :: 		}
L_end_main:
0x02E5	0x2AE5      	GOTO       $+0
; end of _main
Symbol List:
//** Routines locations **
//ADDRESS    SIZE    PROCEDURE
//----------------------------------------------
0x0004      [40]    _interrupt
0x002C      [54]    _Mul_32x32_U
0x0062       [9]    ___CC2DW
0x006B      [11]    _EEPROM_Read
0x0076      [30]    _EEPROM_Write
0x0094      [42]    _Mul_16X16_U
0x00BE      [95]    _VDelay_ms
0x011D     [457]    _main
//** Variables locations ** 
//ADDRESS    SIZE    VARIABLE
//----------------------------------------------
0x0000       [1]    INDF0
0x0001       [1]    INDF1
0x0003       [1]    STATUS
0x0004       [1]    FSR0L
0x0005       [1]    FSR0H
0x0006       [1]    FSR1L
0x0007       [1]    FSR1H
0x000A       [1]    PCLATH
0x000B       [0]    GIE_bit
0x000B       [1]    INTCON
0x000C       [1]    PORTA
0x0022       [1]    _price
0x0023       [1]    _time
0x0024       [1]    _coins
0x0025       [1]    FARG_EEPROM_Write_Address
0x0025       [1]    FARG_EEPROM_Read_Address
0x0025       [2]    FARG_VDelay_ms_Time_ms
0x0026       [1]    FARG_EEPROM_Write_data_
0x0027       [4]    VDelay_ms_NumberOfCyc_L0
0x0070       [1]    R0
0x0071       [1]    R1
0x0072       [1]    R2
0x0073       [1]    R3
0x0074       [1]    R4
0x0075       [1]    R5
0x0076       [1]    R6
0x0077       [1]    R7
0x0078       [1]    R8
0x0079       [1]    R9
0x007A       [1]    R10
0x007B       [1]    R11
0x007C       [1]    R12
0x007D       [1]    R13
0x007E       [1]    R14
0x007F       [1]    R15
0x008C       [1]    TRISA
0x0095       [1]    OPTION_REG
0x0099       [1]    OSCCON
0x018C       [1]    ANSELA
0x0191       [2]    EEADR
0x0193       [2]    EEDAT
0x0193       [1]    EEDATL
0x0195       [0]    WREN_bit
0x0195       [0]    RD_bit
0x0195       [0]    WR_bit
0x0195       [0]    CFGS_bit
0x0195       [0]    EEPGD_bit
0x0196       [1]    EECON2
0x020C       [1]    WPUA
